<?xml version="1.0" encoding="UTF-8"?>
<!-- Generated by org.testng.reporters.JUnitXMLReporter -->
<testsuite ignored="4" hostname="Lakshmis-MacBook-Pro.local" failures="0" tests="6" name="Test1" time="0.049" errors="0" timestamp="2023-05-31T10:09:35 MST">
  <testcase classname="com.testing.testng.testNgTestClass1" name="testMethod1" time="0.005"/>
  <testcase classname="com.testing.testng.testNgTestClass1" name="testMethod2" time="0.001"/>
  <testcase classname="com.testing.testng.testNgTestClass1" name="testMethod3" time="0.001"/>
  <testcase classname="com.testing.testng.TestNGTestTwo" name="testMethod3" time="0.001"/>
  <testcase classname="com.testing.testng.TestNGTestTwo" name="testMethod2" time="0.001"/>
  <testcase classname="com.testing.testng.TestNGTestTwo" name="testMethod1" time="0.0"/>
  <testcase classname="com.testing.testng.BaseTest" name="@BeforeSuite setUpSuit" time="0.0">
    <ignored/>
  </testcase> <!-- @BeforeSuite setUpSuit -->
  <testcase classname="com.testing.testng.BaseTest" name="@AfterTest tearDownTest" time="0.0">
    <ignored/>
  </testcase> <!-- @AfterTest tearDownTest -->
  <testcase classname="com.testing.testng.BaseTest" name="@BeforeTest setUpTest" time="0.0">
    <ignored/>
  </testcase> <!-- @BeforeTest setUpTest -->
  <testcase classname="com.testing.testng.BaseTest" name="@AfterSuite tearDownSuit" time="0.0">
    <ignored/>
  </testcase> <!-- @AfterSuite tearDownSuit -->
</testsuite> <!-- Test1 -->
