<?xml version="1.0" encoding="UTF-8"?>
<!-- Generated by org.testng.reporters.JUnitXMLReporter -->
<testsuite ignored="4" hostname="Lakshmis-MacBook-Pro.local" failures="0" tests="2" name="TestGrouping" time="0.053" errors="0" timestamp="2023-05-31T16:53:26 MST">
  <testcase classname="com.testing.testNGGrouping.TestNGTest11" name="testMethod3" time="0.01"/>
  <testcase classname="com.testing.testNGGrouping.TestNGTest22" name="testMethod1" time="0.002"/>
  <testcase classname="com.testing.testNGGrouping.TestNGTest11" name="testMethod1" time="0.0">
    <ignored/>
  </testcase> <!-- testMethod1 -->
  <testcase classname="com.testing.testNGGrouping.TestNGTest11" name="testMethod2" time="0.0">
    <ignored/>
  </testcase> <!-- testMethod2 -->
  <testcase classname="com.testing.testNGGrouping.TestNGTest22" name="testMethod3" time="0.0">
    <ignored/>
  </testcase> <!-- testMethod3 -->
  <testcase classname="com.testing.testNGGrouping.TestNGTest22" name="testMethod2" time="0.0">
    <ignored/>
  </testcase> <!-- testMethod2 -->
</testsuite> <!-- TestGrouping -->
