<?xml version="1.0" encoding="UTF-8"?>
<!-- Generated by org.testng.reporters.JUnitXMLReporter -->
<testsuite ignored="0" hostname="Lakshmis-MacBook-Pro.local" failures="0" tests="3" name="FirstTest" time="0.046" errors="0" timestamp="2023-05-31T09:57:42 MST">
  <testcase classname="com.testing.testng.testNgTestClass1" name="testMethod1" time="0.007"/>
  <testcase classname="com.testing.testng.testNgTestClass1" name="testMethod2" time="0.001"/>
  <testcase classname="com.testing.testng.testNgTestClass1" name="testMethod3" time="0.0"/>
</testsuite> <!-- FirstTest -->
